<?xml version="1.0" encoding="UTF-8"?>
<!-- Generated by org.testng.reporters.JUnitReportReporter -->
<testsuite hostname="DESKTOP-MBJVQGU" failures="0" tests="1" name="ProjectNew.StandAloneTest" time="141.271" errors="0" timestamp="2022-10-21T15:32:58 IST" skipped="0">
  <testcase classname="ProjectNew.StandAloneTest" name="registerOnWebsite" time="141.271"/>
  <system-out/>
</testsuite> <!-- ProjectNew.StandAloneTest -->
